Determining if the Q_WS_WIN exist failed with the following output:
Change Dir: /home/geniusrabbit/home/CLionProjects/LeetCode/36-Valid Sudoku/cmake-build-debug/CMakeFiles/CMakeTmp

Run Build Command:"/usr/bin/make" "cmTC_5b80e/fast"
/usr/bin/make -f CMakeFiles/cmTC_5b80e.dir/build.make CMakeFiles/cmTC_5b80e.dir/build
make[1]: Entering directory '/home/geniusrabbit/home/CLionProjects/LeetCode/36-Valid Sudoku/cmake-build-debug/CMakeFiles/CMakeTmp'
Building CXX object CMakeFiles/cmTC_5b80e.dir/CheckSymbolExists.cxx.o
/usr/bin/c++   -I/usr/include/qt4  -std=gnu++11 -o CMakeFiles/cmTC_5b80e.dir/CheckSymbolExists.cxx.o -c "/home/geniusrabbit/home/CLionProjects/LeetCode/36-Valid Sudoku/cmake-build-debug/CMakeFiles/CMakeTmp/CheckSymbolExists.cxx"
/home/geniusrabbit/home/CLionProjects/LeetCode/36-Valid Sudoku/cmake-build-debug/CMakeFiles/CMakeTmp/CheckSymbolExists.cxx: In function ‘int main(int, char**)’:
/home/geniusrabbit/home/CLionProjects/LeetCode/36-Valid Sudoku/cmake-build-debug/CMakeFiles/CMakeTmp/CheckSymbolExists.cxx:8:19: error: ‘Q_WS_WIN’ was not declared in this scope
   return ((int*)(&Q_WS_WIN))[argc];
                   ^
CMakeFiles/cmTC_5b80e.dir/build.make:65: recipe for target 'CMakeFiles/cmTC_5b80e.dir/CheckSymbolExists.cxx.o' failed
make[1]: *** [CMakeFiles/cmTC_5b80e.dir/CheckSymbolExists.cxx.o] Error 1
make[1]: Leaving directory '/home/geniusrabbit/home/CLionProjects/LeetCode/36-Valid Sudoku/cmake-build-debug/CMakeFiles/CMakeTmp'
Makefile:126: recipe for target 'cmTC_5b80e/fast' failed
make: *** [cmTC_5b80e/fast] Error 2

File /home/geniusrabbit/home/CLionProjects/LeetCode/36-Valid Sudoku/cmake-build-debug/CMakeFiles/CMakeTmp/CheckSymbolExists.cxx:
/* */
#include <QtCore/qglobal.h>

int main(int argc, char** argv)
{
  (void)argv;
#ifndef Q_WS_WIN
  return ((int*)(&Q_WS_WIN))[argc];
#else
  (void)argc;
  return 0;
#endif
}

Determining if the Q_WS_QWS exist failed with the following output:
Change Dir: /home/geniusrabbit/home/CLionProjects/LeetCode/36-Valid Sudoku/cmake-build-debug/CMakeFiles/CMakeTmp

Run Build Command:"/usr/bin/make" "cmTC_98231/fast"
/usr/bin/make -f CMakeFiles/cmTC_98231.dir/build.make CMakeFiles/cmTC_98231.dir/build
make[1]: Entering directory '/home/geniusrabbit/home/CLionProjects/LeetCode/36-Valid Sudoku/cmake-build-debug/CMakeFiles/CMakeTmp'
Building CXX object CMakeFiles/cmTC_98231.dir/CheckSymbolExists.cxx.o
/usr/bin/c++   -I/usr/include/qt4  -std=gnu++11 -o CMakeFiles/cmTC_98231.dir/CheckSymbolExists.cxx.o -c "/home/geniusrabbit/home/CLionProjects/LeetCode/36-Valid Sudoku/cmake-build-debug/CMakeFiles/CMakeTmp/CheckSymbolExists.cxx"
/home/geniusrabbit/home/CLionProjects/LeetCode/36-Valid Sudoku/cmake-build-debug/CMakeFiles/CMakeTmp/CheckSymbolExists.cxx: In function ‘int main(int, char**)’:
/home/geniusrabbit/home/CLionProjects/LeetCode/36-Valid Sudoku/cmake-build-debug/CMakeFiles/CMakeTmp/CheckSymbolExists.cxx:8:19: error: ‘Q_WS_QWS’ was not declared in this scope
   return ((int*)(&Q_WS_QWS))[argc];
                   ^
CMakeFiles/cmTC_98231.dir/build.make:65: recipe for target 'CMakeFiles/cmTC_98231.dir/CheckSymbolExists.cxx.o' failed
make[1]: *** [CMakeFiles/cmTC_98231.dir/CheckSymbolExists.cxx.o] Error 1
make[1]: Leaving directory '/home/geniusrabbit/home/CLionProjects/LeetCode/36-Valid Sudoku/cmake-build-debug/CMakeFiles/CMakeTmp'
Makefile:126: recipe for target 'cmTC_98231/fast' failed
make: *** [cmTC_98231/fast] Error 2

File /home/geniusrabbit/home/CLionProjects/LeetCode/36-Valid Sudoku/cmake-build-debug/CMakeFiles/CMakeTmp/CheckSymbolExists.cxx:
/* */
#include <QtCore/qglobal.h>

int main(int argc, char** argv)
{
  (void)argv;
#ifndef Q_WS_QWS
  return ((int*)(&Q_WS_QWS))[argc];
#else
  (void)argc;
  return 0;
#endif
}

Determining if the Q_WS_MAC exist failed with the following output:
Change Dir: /home/geniusrabbit/home/CLionProjects/LeetCode/36-Valid Sudoku/cmake-build-debug/CMakeFiles/CMakeTmp

Run Build Command:"/usr/bin/make" "cmTC_56dd5/fast"
/usr/bin/make -f CMakeFiles/cmTC_56dd5.dir/build.make CMakeFiles/cmTC_56dd5.dir/build
make[1]: Entering directory '/home/geniusrabbit/home/CLionProjects/LeetCode/36-Valid Sudoku/cmake-build-debug/CMakeFiles/CMakeTmp'
Building CXX object CMakeFiles/cmTC_56dd5.dir/CheckSymbolExists.cxx.o
/usr/bin/c++   -I/usr/include/qt4  -std=gnu++11 -o CMakeFiles/cmTC_56dd5.dir/CheckSymbolExists.cxx.o -c "/home/geniusrabbit/home/CLionProjects/LeetCode/36-Valid Sudoku/cmake-build-debug/CMakeFiles/CMakeTmp/CheckSymbolExists.cxx"
/home/geniusrabbit/home/CLionProjects/LeetCode/36-Valid Sudoku/cmake-build-debug/CMakeFiles/CMakeTmp/CheckSymbolExists.cxx: In function ‘int main(int, char**)’:
/home/geniusrabbit/home/CLionProjects/LeetCode/36-Valid Sudoku/cmake-build-debug/CMakeFiles/CMakeTmp/CheckSymbolExists.cxx:8:19: error: ‘Q_WS_MAC’ was not declared in this scope
   return ((int*)(&Q_WS_MAC))[argc];
                   ^
CMakeFiles/cmTC_56dd5.dir/build.make:65: recipe for target 'CMakeFiles/cmTC_56dd5.dir/CheckSymbolExists.cxx.o' failed
make[1]: *** [CMakeFiles/cmTC_56dd5.dir/CheckSymbolExists.cxx.o] Error 1
make[1]: Leaving directory '/home/geniusrabbit/home/CLionProjects/LeetCode/36-Valid Sudoku/cmake-build-debug/CMakeFiles/CMakeTmp'
Makefile:126: recipe for target 'cmTC_56dd5/fast' failed
make: *** [cmTC_56dd5/fast] Error 2

File /home/geniusrabbit/home/CLionProjects/LeetCode/36-Valid Sudoku/cmake-build-debug/CMakeFiles/CMakeTmp/CheckSymbolExists.cxx:
/* */
#include <QtCore/qglobal.h>

int main(int argc, char** argv)
{
  (void)argv;
#ifndef Q_WS_MAC
  return ((int*)(&Q_WS_MAC))[argc];
#else
  (void)argc;
  return 0;
#endif
}

